mode: atomic
github.com/melkomukovki/go-or-die/order/internal/api/order/v1/api.go:10.45,12.2 1 0
github.com/melkomukovki/go-or-die/order/internal/api/order/v1/cancel.go:9.114,11.16 2 0
github.com/melkomukovki/go-or-die/order/internal/api/order/v1/cancel.go:11.16,13.3 1 0
github.com/melkomukovki/go-or-die/order/internal/api/order/v1/cancel.go:15.2,15.44 1 0
github.com/melkomukovki/go-or-die/order/internal/api/order/v1/create.go:10.113,12.16 2 0
github.com/melkomukovki/go-or-die/order/internal/api/order/v1/create.go:12.16,14.3 1 0
github.com/melkomukovki/go-or-die/order/internal/api/order/v1/create.go:16.2,19.8 1 0
github.com/melkomukovki/go-or-die/order/internal/api/order/v1/error_handler.go:21.91,30.20 4 0
github.com/melkomukovki/go-or-die/order/internal/api/order/v1/error_handler.go:30.20,32.3 1 0
github.com/melkomukovki/go-or-die/order/internal/api/order/v1/error_handler.go:35.40,40.9 3 0
github.com/melkomukovki/go-or-die/order/internal/api/order/v1/error_handler.go:41.69,42.44 1 0
github.com/melkomukovki/go-or-die/order/internal/api/order/v1/error_handler.go:45.45,46.42 1 0
github.com/melkomukovki/go-or-die/order/internal/api/order/v1/error_handler.go:47.44,48.42 1 0
github.com/melkomukovki/go-or-die/order/internal/api/order/v1/error_handler.go:51.42,52.42 1 0
github.com/melkomukovki/go-or-die/order/internal/api/order/v1/error_handler.go:53.48,54.42 1 0
github.com/melkomukovki/go-or-die/order/internal/api/order/v1/error_handler.go:55.46,56.42 1 0
github.com/melkomukovki/go-or-die/order/internal/api/order/v1/error_handler.go:59.52,60.44 1 0
github.com/melkomukovki/go-or-die/order/internal/api/order/v1/error_handler.go:61.43,62.44 1 0
github.com/melkomukovki/go-or-die/order/internal/api/order/v1/error_handler.go:65.10,66.77 1 0
github.com/melkomukovki/go-or-die/order/internal/api/order/v1/get.go:10.105,12.16 2 0
github.com/melkomukovki/go-or-die/order/internal/api/order/v1/get.go:12.16,14.3 1 0
github.com/melkomukovki/go-or-die/order/internal/api/order/v1/get.go:16.2,16.35 1 0
github.com/melkomukovki/go-or-die/order/internal/api/order/v1/pay.go:10.134,12.16 2 0
github.com/melkomukovki/go-or-die/order/internal/api/order/v1/pay.go:12.16,14.3 1 0
github.com/melkomukovki/go-or-die/order/internal/api/order/v1/pay.go:16.2,18.8 1 0
github.com/melkomukovki/go-or-die/order/internal/api/order/v1/dto/order.go:10.54,18.35 2 0
github.com/melkomukovki/go-or-die/order/internal/api/order/v1/dto/order.go:18.35,19.24 1 0
github.com/melkomukovki/go-or-die/order/internal/api/order/v1/dto/order.go:20.27,21.32 1 0
github.com/melkomukovki/go-or-die/order/internal/api/order/v1/dto/order.go:22.29,23.34 1 0
github.com/melkomukovki/go-or-die/order/internal/api/order/v1/dto/order.go:24.29,25.57 1 0
github.com/melkomukovki/go-or-die/order/internal/api/order/v1/dto/order.go:26.29,27.57 1 0
github.com/melkomukovki/go-or-die/order/internal/api/order/v1/dto/order.go:31.2,31.34 1 0
github.com/melkomukovki/go-or-die/order/internal/api/order/v1/dto/order.go:31.34,33.3 1 0
github.com/melkomukovki/go-or-die/order/internal/api/order/v1/dto/order.go:35.2,35.32 1 0
github.com/melkomukovki/go-or-die/order/internal/api/order/v1/dto/order.go:35.32,37.3 1 0
github.com/melkomukovki/go-or-die/order/internal/api/order/v1/dto/order.go:39.2,39.12 1 0
github.com/melkomukovki/go-or-die/order/internal/api/order/v1/dto/order.go:42.64,43.11 1 0
github.com/melkomukovki/go-or-die/order/internal/api/order/v1/dto/order.go:44.39,45.43 1 0
github.com/melkomukovki/go-or-die/order/internal/api/order/v1/dto/order.go:46.29,47.33 1 0
github.com/melkomukovki/go-or-die/order/internal/api/order/v1/dto/order.go:48.34,49.38 1 0
github.com/melkomukovki/go-or-die/order/internal/api/order/v1/dto/order.go:50.10,51.32 1 0
github.com/melkomukovki/go-or-die/order/internal/api/order/v1/dto/order.go:55.70,56.11 1 0
github.com/melkomukovki/go-or-die/order/internal/api/order/v1/dto/order.go:57.31,58.35 1 0
github.com/melkomukovki/go-or-die/order/internal/api/order/v1/dto/order.go:59.30,60.34 1 0
github.com/melkomukovki/go-or-die/order/internal/api/order/v1/dto/order.go:61.37,62.41 1 0
github.com/melkomukovki/go-or-die/order/internal/api/order/v1/dto/order.go:63.40,64.44 1 0
github.com/melkomukovki/go-or-die/order/internal/api/order/v1/dto/order.go:65.10,66.34 1 0
github.com/melkomukovki/go-or-die/order/internal/api/order/v1/dto/order.go:70.77,72.60 2 0
github.com/melkomukovki/go-or-die/order/internal/api/order/v1/dto/order.go:72.60,74.3 1 0
github.com/melkomukovki/go-or-die/order/internal/api/order/v1/dto/order.go:76.2,77.60 2 0
github.com/melkomukovki/go-or-die/order/internal/api/order/v1/dto/order.go:77.60,79.3 1 0
github.com/melkomukovki/go-or-die/order/internal/api/order/v1/dto/order.go:81.2,86.3 1 0
github.com/melkomukovki/go-or-die/order/internal/service/order/cancel.go:12.67,14.16 2 3
github.com/melkomukovki/go-or-die/order/internal/service/order/cancel.go:14.16,16.3 1 1
github.com/melkomukovki/go-or-die/order/internal/service/order/cancel.go:18.2,18.22 1 2
github.com/melkomukovki/go-or-die/order/internal/service/order/cancel.go:19.34,20.32 1 0
github.com/melkomukovki/go-or-die/order/internal/service/order/cancel.go:21.29,22.34 1 1
github.com/melkomukovki/go-or-die/order/internal/service/order/cancel.go:25.2,26.39 2 1
github.com/melkomukovki/go-or-die/order/internal/service/order/create.go:16.96,18.16 2 4
github.com/melkomukovki/go-or-die/order/internal/service/order/create.go:18.16,19.44 1 1
github.com/melkomukovki/go-or-die/order/internal/service/order/create.go:19.44,21.4 1 1
github.com/melkomukovki/go-or-die/order/internal/service/order/create.go:22.3,22.77 1 1
github.com/melkomukovki/go-or-die/order/internal/service/order/create.go:25.2,26.29 2 3
github.com/melkomukovki/go-or-die/order/internal/service/order/create.go:26.29,27.30 1 6
github.com/melkomukovki/go-or-die/order/internal/service/order/create.go:27.30,29.4 1 1
github.com/melkomukovki/go-or-die/order/internal/service/order/create.go:30.3,34.5 1 5
github.com/melkomukovki/go-or-die/order/internal/service/order/create.go:37.2,44.60 2 2
github.com/melkomukovki/go-or-die/order/internal/service/order/create.go:44.60,46.3 1 1
github.com/melkomukovki/go-or-die/order/internal/service/order/create.go:47.2,47.16 1 2
github.com/melkomukovki/go-or-die/order/internal/service/order/create.go:47.16,49.3 1 1
github.com/melkomukovki/go-or-die/order/internal/service/order/create.go:51.2,51.19 1 1
github.com/melkomukovki/go-or-die/order/internal/service/order/get.go:11.79,13.2 1 2
github.com/melkomukovki/go-or-die/order/internal/service/order/pay.go:14.105,16.16 2 4
github.com/melkomukovki/go-or-die/order/internal/service/order/pay.go:16.16,18.3 1 0
github.com/melkomukovki/go-or-die/order/internal/service/order/pay.go:20.2,20.22 1 4
github.com/melkomukovki/go-or-die/order/internal/service/order/pay.go:21.29,22.47 1 1
github.com/melkomukovki/go-or-die/order/internal/service/order/pay.go:23.34,24.45 1 0
github.com/melkomukovki/go-or-die/order/internal/service/order/pay.go:27.2,31.16 4 3
github.com/melkomukovki/go-or-die/order/internal/service/order/pay.go:31.16,33.3 1 1
github.com/melkomukovki/go-or-die/order/internal/service/order/pay.go:35.2,39.60 4 2
github.com/melkomukovki/go-or-die/order/internal/service/order/pay.go:39.60,41.3 1 1
github.com/melkomukovki/go-or-die/order/internal/service/order/pay.go:42.2,42.16 1 2
github.com/melkomukovki/go-or-die/order/internal/service/order/pay.go:42.16,44.3 1 1
github.com/melkomukovki/go-or-die/order/internal/service/order/pay.go:46.2,46.17 1 1
github.com/melkomukovki/go-or-die/order/internal/service/order/service.go:10.134,17.2 1 13
github.com/melkomukovki/go-or-die/order/internal/api/order/v1/dto/order.go:10.54,18.35 2 0
github.com/melkomukovki/go-or-die/order/internal/api/order/v1/dto/order.go:18.35,19.24 1 0
github.com/melkomukovki/go-or-die/order/internal/api/order/v1/dto/order.go:20.27,21.32 1 0
github.com/melkomukovki/go-or-die/order/internal/api/order/v1/dto/order.go:22.29,23.34 1 0
github.com/melkomukovki/go-or-die/order/internal/api/order/v1/dto/order.go:24.29,25.57 1 0
github.com/melkomukovki/go-or-die/order/internal/api/order/v1/dto/order.go:26.29,27.57 1 0
github.com/melkomukovki/go-or-die/order/internal/api/order/v1/dto/order.go:31.2,31.34 1 0
github.com/melkomukovki/go-or-die/order/internal/api/order/v1/dto/order.go:31.34,33.3 1 0
github.com/melkomukovki/go-or-die/order/internal/api/order/v1/dto/order.go:35.2,35.32 1 0
github.com/melkomukovki/go-or-die/order/internal/api/order/v1/dto/order.go:35.32,37.3 1 0
github.com/melkomukovki/go-or-die/order/internal/api/order/v1/dto/order.go:39.2,39.12 1 0
github.com/melkomukovki/go-or-die/order/internal/api/order/v1/dto/order.go:42.64,43.11 1 0
github.com/melkomukovki/go-or-die/order/internal/api/order/v1/dto/order.go:44.39,45.43 1 0
github.com/melkomukovki/go-or-die/order/internal/api/order/v1/dto/order.go:46.29,47.33 1 0
github.com/melkomukovki/go-or-die/order/internal/api/order/v1/dto/order.go:48.34,49.38 1 0
github.com/melkomukovki/go-or-die/order/internal/api/order/v1/dto/order.go:50.10,51.32 1 0
github.com/melkomukovki/go-or-die/order/internal/api/order/v1/dto/order.go:55.70,56.11 1 0
github.com/melkomukovki/go-or-die/order/internal/api/order/v1/dto/order.go:57.31,58.35 1 0
github.com/melkomukovki/go-or-die/order/internal/api/order/v1/dto/order.go:59.30,60.34 1 0
github.com/melkomukovki/go-or-die/order/internal/api/order/v1/dto/order.go:61.37,62.41 1 0
github.com/melkomukovki/go-or-die/order/internal/api/order/v1/dto/order.go:63.40,64.44 1 0
github.com/melkomukovki/go-or-die/order/internal/api/order/v1/dto/order.go:65.10,66.34 1 0
github.com/melkomukovki/go-or-die/order/internal/api/order/v1/dto/order.go:70.77,72.60 2 0
github.com/melkomukovki/go-or-die/order/internal/api/order/v1/dto/order.go:72.60,74.3 1 0
github.com/melkomukovki/go-or-die/order/internal/api/order/v1/dto/order.go:76.2,77.60 2 0
github.com/melkomukovki/go-or-die/order/internal/api/order/v1/dto/order.go:77.60,79.3 1 0
github.com/melkomukovki/go-or-die/order/internal/api/order/v1/dto/order.go:81.2,86.3 1 0
github.com/melkomukovki/go-or-die/order/internal/api/order/v1/api.go:10.45,12.2 1 17
github.com/melkomukovki/go-or-die/order/internal/api/order/v1/cancel.go:9.114,11.16 2 4
github.com/melkomukovki/go-or-die/order/internal/api/order/v1/cancel.go:11.16,13.3 1 3
github.com/melkomukovki/go-or-die/order/internal/api/order/v1/cancel.go:15.2,15.44 1 1
github.com/melkomukovki/go-or-die/order/internal/api/order/v1/create.go:10.113,12.16 2 5
github.com/melkomukovki/go-or-die/order/internal/api/order/v1/create.go:12.16,14.3 1 4
github.com/melkomukovki/go-or-die/order/internal/api/order/v1/create.go:16.2,19.8 1 1
github.com/melkomukovki/go-or-die/order/internal/api/order/v1/error_handler.go:21.91,30.20 4 0
github.com/melkomukovki/go-or-die/order/internal/api/order/v1/error_handler.go:30.20,32.3 1 0
github.com/melkomukovki/go-or-die/order/internal/api/order/v1/error_handler.go:35.40,40.9 3 0
github.com/melkomukovki/go-or-die/order/internal/api/order/v1/error_handler.go:41.69,42.44 1 0
github.com/melkomukovki/go-or-die/order/internal/api/order/v1/error_handler.go:45.45,46.42 1 0
github.com/melkomukovki/go-or-die/order/internal/api/order/v1/error_handler.go:47.44,48.42 1 0
github.com/melkomukovki/go-or-die/order/internal/api/order/v1/error_handler.go:51.42,52.42 1 0
github.com/melkomukovki/go-or-die/order/internal/api/order/v1/error_handler.go:53.48,54.42 1 0
github.com/melkomukovki/go-or-die/order/internal/api/order/v1/error_handler.go:55.46,56.42 1 0
github.com/melkomukovki/go-or-die/order/internal/api/order/v1/error_handler.go:59.52,60.44 1 0
github.com/melkomukovki/go-or-die/order/internal/api/order/v1/error_handler.go:61.43,62.44 1 0
github.com/melkomukovki/go-or-die/order/internal/api/order/v1/error_handler.go:65.10,66.77 1 0
github.com/melkomukovki/go-or-die/order/internal/api/order/v1/get.go:10.105,12.16 2 3
github.com/melkomukovki/go-or-die/order/internal/api/order/v1/get.go:12.16,14.3 1 2
github.com/melkomukovki/go-or-die/order/internal/api/order/v1/get.go:16.2,16.35 1 1
github.com/melkomukovki/go-or-die/order/internal/api/order/v1/pay.go:10.134,12.16 2 5
github.com/melkomukovki/go-or-die/order/internal/api/order/v1/pay.go:12.16,14.3 1 4
github.com/melkomukovki/go-or-die/order/internal/api/order/v1/pay.go:16.2,18.8 1 1
github.com/melkomukovki/go-or-die/order/internal/api/order/v1/dto/order.go:10.54,18.35 2 1
github.com/melkomukovki/go-or-die/order/internal/api/order/v1/dto/order.go:18.35,19.24 1 2
github.com/melkomukovki/go-or-die/order/internal/api/order/v1/dto/order.go:20.27,21.32 1 1
github.com/melkomukovki/go-or-die/order/internal/api/order/v1/dto/order.go:22.29,23.34 1 1
github.com/melkomukovki/go-or-die/order/internal/api/order/v1/dto/order.go:24.29,25.57 1 0
github.com/melkomukovki/go-or-die/order/internal/api/order/v1/dto/order.go:26.29,27.57 1 0
github.com/melkomukovki/go-or-die/order/internal/api/order/v1/dto/order.go:31.2,31.34 1 1
github.com/melkomukovki/go-or-die/order/internal/api/order/v1/dto/order.go:31.34,33.3 1 0
github.com/melkomukovki/go-or-die/order/internal/api/order/v1/dto/order.go:35.2,35.32 1 1
github.com/melkomukovki/go-or-die/order/internal/api/order/v1/dto/order.go:35.32,37.3 1 0
github.com/melkomukovki/go-or-die/order/internal/api/order/v1/dto/order.go:39.2,39.12 1 1
github.com/melkomukovki/go-or-die/order/internal/api/order/v1/dto/order.go:42.64,43.11 1 1
github.com/melkomukovki/go-or-die/order/internal/api/order/v1/dto/order.go:44.39,45.43 1 1
github.com/melkomukovki/go-or-die/order/internal/api/order/v1/dto/order.go:46.29,47.33 1 0
github.com/melkomukovki/go-or-die/order/internal/api/order/v1/dto/order.go:48.34,49.38 1 0
github.com/melkomukovki/go-or-die/order/internal/api/order/v1/dto/order.go:50.10,51.32 1 0
github.com/melkomukovki/go-or-die/order/internal/api/order/v1/dto/order.go:55.70,56.11 1 0
github.com/melkomukovki/go-or-die/order/internal/api/order/v1/dto/order.go:57.31,58.35 1 0
github.com/melkomukovki/go-or-die/order/internal/api/order/v1/dto/order.go:59.30,60.34 1 0
github.com/melkomukovki/go-or-die/order/internal/api/order/v1/dto/order.go:61.37,62.41 1 0
github.com/melkomukovki/go-or-die/order/internal/api/order/v1/dto/order.go:63.40,64.44 1 0
github.com/melkomukovki/go-or-die/order/internal/api/order/v1/dto/order.go:65.10,66.34 1 0
github.com/melkomukovki/go-or-die/order/internal/api/order/v1/dto/order.go:70.77,72.60 2 5
github.com/melkomukovki/go-or-die/order/internal/api/order/v1/dto/order.go:72.60,74.3 1 0
github.com/melkomukovki/go-or-die/order/internal/api/order/v1/dto/order.go:76.2,77.60 2 5
github.com/melkomukovki/go-or-die/order/internal/api/order/v1/dto/order.go:77.60,79.3 1 0
github.com/melkomukovki/go-or-die/order/internal/api/order/v1/dto/order.go:81.2,86.3 1 5
github.com/melkomukovki/go-or-die/order/internal/service/order/cancel.go:12.67,14.16 2 0
github.com/melkomukovki/go-or-die/order/internal/service/order/cancel.go:14.16,16.3 1 0
github.com/melkomukovki/go-or-die/order/internal/service/order/cancel.go:18.2,18.22 1 0
github.com/melkomukovki/go-or-die/order/internal/service/order/cancel.go:19.34,20.32 1 0
github.com/melkomukovki/go-or-die/order/internal/service/order/cancel.go:21.29,22.34 1 0
github.com/melkomukovki/go-or-die/order/internal/service/order/cancel.go:25.2,26.39 2 0
github.com/melkomukovki/go-or-die/order/internal/service/order/create.go:16.96,18.16 2 0
github.com/melkomukovki/go-or-die/order/internal/service/order/create.go:18.16,19.44 1 0
github.com/melkomukovki/go-or-die/order/internal/service/order/create.go:19.44,21.4 1 0
github.com/melkomukovki/go-or-die/order/internal/service/order/create.go:22.3,22.77 1 0
github.com/melkomukovki/go-or-die/order/internal/service/order/create.go:25.2,26.29 2 0
github.com/melkomukovki/go-or-die/order/internal/service/order/create.go:26.29,27.30 1 0
github.com/melkomukovki/go-or-die/order/internal/service/order/create.go:27.30,29.4 1 0
github.com/melkomukovki/go-or-die/order/internal/service/order/create.go:30.3,34.5 1 0
github.com/melkomukovki/go-or-die/order/internal/service/order/create.go:37.2,44.60 2 0
github.com/melkomukovki/go-or-die/order/internal/service/order/create.go:44.60,46.3 1 0
github.com/melkomukovki/go-or-die/order/internal/service/order/create.go:47.2,47.16 1 0
github.com/melkomukovki/go-or-die/order/internal/service/order/create.go:47.16,49.3 1 0
github.com/melkomukovki/go-or-die/order/internal/service/order/create.go:51.2,51.19 1 0
github.com/melkomukovki/go-or-die/order/internal/service/order/get.go:11.79,13.2 1 0
github.com/melkomukovki/go-or-die/order/internal/service/order/pay.go:14.105,16.16 2 0
github.com/melkomukovki/go-or-die/order/internal/service/order/pay.go:16.16,18.3 1 0
github.com/melkomukovki/go-or-die/order/internal/service/order/pay.go:20.2,20.22 1 0
github.com/melkomukovki/go-or-die/order/internal/service/order/pay.go:21.29,22.47 1 0
github.com/melkomukovki/go-or-die/order/internal/service/order/pay.go:23.34,24.45 1 0
github.com/melkomukovki/go-or-die/order/internal/service/order/pay.go:27.2,31.16 4 0
github.com/melkomukovki/go-or-die/order/internal/service/order/pay.go:31.16,33.3 1 0
github.com/melkomukovki/go-or-die/order/internal/service/order/pay.go:35.2,39.60 4 0
github.com/melkomukovki/go-or-die/order/internal/service/order/pay.go:39.60,41.3 1 0
github.com/melkomukovki/go-or-die/order/internal/service/order/pay.go:42.2,42.16 1 0
github.com/melkomukovki/go-or-die/order/internal/service/order/pay.go:42.16,44.3 1 0
github.com/melkomukovki/go-or-die/order/internal/service/order/pay.go:46.2,46.17 1 0
github.com/melkomukovki/go-or-die/order/internal/service/order/service.go:10.134,17.2 1 0
github.com/melkomukovki/go-or-die/inventory/internal/api/inventory/v1/api.go:11.43,13.2 1 0
github.com/melkomukovki/go-or-die/inventory/internal/api/inventory/v1/get.go:17.115,20.16 3 0
github.com/melkomukovki/go-or-die/inventory/internal/api/inventory/v1/get.go:20.16,22.3 1 0
github.com/melkomukovki/go-or-die/inventory/internal/api/inventory/v1/get.go:24.2,25.16 2 0
github.com/melkomukovki/go-or-die/inventory/internal/api/inventory/v1/get.go:25.16,26.10 1 0
github.com/melkomukovki/go-or-die/inventory/internal/api/inventory/v1/get.go:27.44,28.105 1 0
github.com/melkomukovki/go-or-die/inventory/internal/api/inventory/v1/get.go:29.45,30.102 1 0
github.com/melkomukovki/go-or-die/inventory/internal/api/inventory/v1/get.go:31.11,33.96 2 0
github.com/melkomukovki/go-or-die/inventory/internal/api/inventory/v1/get.go:37.2,39.8 1 0
github.com/melkomukovki/go-or-die/inventory/internal/api/inventory/v1/list.go:18.121,21.24 3 0
github.com/melkomukovki/go-or-die/inventory/internal/api/inventory/v1/list.go:21.24,22.31 1 0
github.com/melkomukovki/go-or-die/inventory/internal/api/inventory/v1/list.go:22.31,24.18 2 0
github.com/melkomukovki/go-or-die/inventory/internal/api/inventory/v1/list.go:24.18,26.5 1 0
github.com/melkomukovki/go-or-die/inventory/internal/api/inventory/v1/list.go:27.4,27.45 1 0
github.com/melkomukovki/go-or-die/inventory/internal/api/inventory/v1/list.go:31.2,37.16 3 0
github.com/melkomukovki/go-or-die/inventory/internal/api/inventory/v1/list.go:37.16,38.10 1 0
github.com/melkomukovki/go-or-die/inventory/internal/api/inventory/v1/list.go:39.45,40.81 1 0
github.com/melkomukovki/go-or-die/inventory/internal/api/inventory/v1/list.go:41.11,43.96 2 0
github.com/melkomukovki/go-or-die/inventory/internal/api/inventory/v1/list.go:47.2,48.29 2 0
github.com/melkomukovki/go-or-die/inventory/internal/api/inventory/v1/list.go:48.29,50.3 1 0
github.com/melkomukovki/go-or-die/inventory/internal/api/inventory/v1/list.go:51.2,51.63 1 0
github.com/melkomukovki/go-or-die/inventory/internal/api/inventory/v1/api.go:11.43,13.2 1 0
github.com/melkomukovki/go-or-die/inventory/internal/api/inventory/v1/get.go:17.115,20.16 3 0
github.com/melkomukovki/go-or-die/inventory/internal/api/inventory/v1/get.go:20.16,22.3 1 0
github.com/melkomukovki/go-or-die/inventory/internal/api/inventory/v1/get.go:24.2,25.16 2 0
github.com/melkomukovki/go-or-die/inventory/internal/api/inventory/v1/get.go:25.16,26.10 1 0
github.com/melkomukovki/go-or-die/inventory/internal/api/inventory/v1/get.go:27.44,28.105 1 0
github.com/melkomukovki/go-or-die/inventory/internal/api/inventory/v1/get.go:29.45,30.102 1 0
github.com/melkomukovki/go-or-die/inventory/internal/api/inventory/v1/get.go:31.11,33.96 2 0
github.com/melkomukovki/go-or-die/inventory/internal/api/inventory/v1/get.go:37.2,39.8 1 0
github.com/melkomukovki/go-or-die/inventory/internal/api/inventory/v1/list.go:18.121,21.24 3 0
github.com/melkomukovki/go-or-die/inventory/internal/api/inventory/v1/list.go:21.24,22.31 1 0
github.com/melkomukovki/go-or-die/inventory/internal/api/inventory/v1/list.go:22.31,24.18 2 0
github.com/melkomukovki/go-or-die/inventory/internal/api/inventory/v1/list.go:24.18,26.5 1 0
github.com/melkomukovki/go-or-die/inventory/internal/api/inventory/v1/list.go:27.4,27.45 1 0
github.com/melkomukovki/go-or-die/inventory/internal/api/inventory/v1/list.go:31.2,37.16 3 0
github.com/melkomukovki/go-or-die/inventory/internal/api/inventory/v1/list.go:37.16,38.10 1 0
github.com/melkomukovki/go-or-die/inventory/internal/api/inventory/v1/list.go:39.45,40.81 1 0
github.com/melkomukovki/go-or-die/inventory/internal/api/inventory/v1/list.go:41.11,43.96 2 0
github.com/melkomukovki/go-or-die/inventory/internal/api/inventory/v1/list.go:47.2,48.29 2 0
github.com/melkomukovki/go-or-die/inventory/internal/api/inventory/v1/list.go:48.29,50.3 1 0
github.com/melkomukovki/go-or-die/inventory/internal/api/inventory/v1/list.go:51.2,51.63 1 0
github.com/melkomukovki/go-or-die/inventory/internal/service/part/get.go:11.78,13.2 1 2
github.com/melkomukovki/go-or-die/inventory/internal/service/part/list.go:9.92,11.2 1 3
github.com/melkomukovki/go-or-die/inventory/internal/service/part/service.go:7.51,11.2 1 5
github.com/melkomukovki/go-or-die/payment/internal/service/payment/pay.go:13.82,14.25 1 0
github.com/melkomukovki/go-or-die/payment/internal/service/payment/pay.go:14.25,16.3 1 0
github.com/melkomukovki/go-or-die/payment/internal/service/payment/pay.go:17.2,17.53 1 0
github.com/melkomukovki/go-or-die/payment/internal/service/payment/pay.go:17.53,19.3 1 0
github.com/melkomukovki/go-or-die/payment/internal/service/payment/pay.go:21.2,21.34 1 0
github.com/melkomukovki/go-or-die/payment/internal/service/payment/pay.go:21.34,23.3 1 0
github.com/melkomukovki/go-or-die/payment/internal/service/payment/pay.go:25.2,32.29 3 0
github.com/melkomukovki/go-or-die/payment/internal/service/payment/service.go:5.28,7.2 1 0
github.com/melkomukovki/go-or-die/payment/internal/api/payment/v1/api.go:11.49,15.2 1 3
github.com/melkomukovki/go-or-die/payment/internal/api/payment/v1/pay.go:15.114,19.16 3 3
github.com/melkomukovki/go-or-die/payment/internal/api/payment/v1/pay.go:19.16,20.10 1 1
github.com/melkomukovki/go-or-die/payment/internal/api/payment/v1/pay.go:21.97,22.64 1 0
github.com/melkomukovki/go-or-die/payment/internal/api/payment/v1/pay.go:23.11,24.57 1 1
github.com/melkomukovki/go-or-die/payment/internal/api/payment/v1/pay.go:28.2,28.75 1 2
github.com/melkomukovki/go-or-die/payment/internal/service/payment/pay.go:13.82,14.25 1 0
github.com/melkomukovki/go-or-die/payment/internal/service/payment/pay.go:14.25,16.3 1 0
github.com/melkomukovki/go-or-die/payment/internal/service/payment/pay.go:17.2,17.53 1 0
github.com/melkomukovki/go-or-die/payment/internal/service/payment/pay.go:17.53,19.3 1 0
github.com/melkomukovki/go-or-die/payment/internal/service/payment/pay.go:21.2,21.34 1 0
github.com/melkomukovki/go-or-die/payment/internal/service/payment/pay.go:21.34,23.3 1 0
github.com/melkomukovki/go-or-die/payment/internal/service/payment/pay.go:25.2,32.29 3 0
github.com/melkomukovki/go-or-die/payment/internal/service/payment/service.go:5.28,7.2 1 0
