mode: atomic
github.com/melkomukovki/go-or-die/order/internal/api/order/v1/dto/order.go:10.53,12.29 2 0
github.com/melkomukovki/go-or-die/order/internal/api/order/v1/dto/order.go:12.29,14.3 1 0
github.com/melkomukovki/go-or-die/order/internal/api/order/v1/dto/order.go:16.2,17.29 2 0
github.com/melkomukovki/go-or-die/order/internal/api/order/v1/dto/order.go:17.29,19.3 1 0
github.com/melkomukovki/go-or-die/order/internal/api/order/v1/dto/order.go:21.2,22.34 2 0
github.com/melkomukovki/go-or-die/order/internal/api/order/v1/dto/order.go:22.34,24.3 1 0
github.com/melkomukovki/go-or-die/order/internal/api/order/v1/dto/order.go:26.2,27.32 2 0
github.com/melkomukovki/go-or-die/order/internal/api/order/v1/dto/order.go:27.32,29.3 1 0
github.com/melkomukovki/go-or-die/order/internal/api/order/v1/dto/order.go:31.2,42.3 1 0
github.com/melkomukovki/go-or-die/order/internal/api/order/v1/dto/order.go:45.79,47.60 2 0
github.com/melkomukovki/go-or-die/order/internal/api/order/v1/dto/order.go:47.60,49.3 1 0
github.com/melkomukovki/go-or-die/order/internal/api/order/v1/dto/order.go:51.2,52.60 2 0
github.com/melkomukovki/go-or-die/order/internal/api/order/v1/dto/order.go:52.60,54.3 1 0
github.com/melkomukovki/go-or-die/order/internal/api/order/v1/dto/order.go:56.2,61.3 1 0
github.com/melkomukovki/go-or-die/order/internal/api/order/v1/api.go:7.45,9.2 1 0
github.com/melkomukovki/go-or-die/order/internal/api/order/v1/cancel.go:13.114,17.16 3 0
github.com/melkomukovki/go-or-die/order/internal/api/order/v1/cancel.go:17.16,18.10 1 0
github.com/melkomukovki/go-or-die/order/internal/api/order/v1/cancel.go:19.46,23.10 1 0
github.com/melkomukovki/go-or-die/order/internal/api/order/v1/cancel.go:24.60,28.10 1 0
github.com/melkomukovki/go-or-die/order/internal/api/order/v1/cancel.go:29.11,34.10 2 0
github.com/melkomukovki/go-or-die/order/internal/api/order/v1/cancel.go:38.2,38.44 1 0
github.com/melkomukovki/go-or-die/order/internal/api/order/v1/create.go:16.113,19.16 3 0
github.com/melkomukovki/go-or-die/order/internal/api/order/v1/create.go:19.16,20.10 1 0
github.com/melkomukovki/go-or-die/order/internal/api/order/v1/create.go:21.44,25.10 1 0
github.com/melkomukovki/go-or-die/order/internal/api/order/v1/create.go:26.45,30.10 1 0
github.com/melkomukovki/go-or-die/order/internal/api/order/v1/create.go:31.43,35.10 1 0
github.com/melkomukovki/go-or-die/order/internal/api/order/v1/create.go:36.11,41.10 2 0
github.com/melkomukovki/go-or-die/order/internal/api/order/v1/create.go:45.2,48.8 1 0
github.com/melkomukovki/go-or-die/order/internal/api/order/v1/get.go:14.105,16.16 2 0
github.com/melkomukovki/go-or-die/order/internal/api/order/v1/get.go:16.16,17.10 1 0
github.com/melkomukovki/go-or-die/order/internal/api/order/v1/get.go:18.46,22.10 1 0
github.com/melkomukovki/go-or-die/order/internal/api/order/v1/get.go:23.11,28.10 2 0
github.com/melkomukovki/go-or-die/order/internal/api/order/v1/get.go:32.2,32.40 1 0
github.com/melkomukovki/go-or-die/order/internal/api/order/v1/pay.go:16.134,21.16 4 0
github.com/melkomukovki/go-or-die/order/internal/api/order/v1/pay.go:21.16,22.10 1 0
github.com/melkomukovki/go-or-die/order/internal/api/order/v1/pay.go:23.104,27.10 1 0
github.com/melkomukovki/go-or-die/order/internal/api/order/v1/pay.go:28.46,32.10 1 0
github.com/melkomukovki/go-or-die/order/internal/api/order/v1/pay.go:33.44,37.10 1 0
github.com/melkomukovki/go-or-die/order/internal/api/order/v1/pay.go:38.11,43.10 2 0
github.com/melkomukovki/go-or-die/order/internal/api/order/v1/pay.go:47.2,49.8 1 0
github.com/melkomukovki/go-or-die/order/internal/api/order/v1/api.go:7.45,9.2 1 0
github.com/melkomukovki/go-or-die/order/internal/api/order/v1/cancel.go:13.114,17.16 3 0
github.com/melkomukovki/go-or-die/order/internal/api/order/v1/cancel.go:17.16,18.10 1 0
github.com/melkomukovki/go-or-die/order/internal/api/order/v1/cancel.go:19.46,23.10 1 0
github.com/melkomukovki/go-or-die/order/internal/api/order/v1/cancel.go:24.60,28.10 1 0
github.com/melkomukovki/go-or-die/order/internal/api/order/v1/cancel.go:29.11,34.10 2 0
github.com/melkomukovki/go-or-die/order/internal/api/order/v1/cancel.go:38.2,38.44 1 0
github.com/melkomukovki/go-or-die/order/internal/api/order/v1/create.go:16.113,19.16 3 0
github.com/melkomukovki/go-or-die/order/internal/api/order/v1/create.go:19.16,20.10 1 0
github.com/melkomukovki/go-or-die/order/internal/api/order/v1/create.go:21.44,25.10 1 0
github.com/melkomukovki/go-or-die/order/internal/api/order/v1/create.go:26.45,30.10 1 0
github.com/melkomukovki/go-or-die/order/internal/api/order/v1/create.go:31.43,35.10 1 0
github.com/melkomukovki/go-or-die/order/internal/api/order/v1/create.go:36.11,41.10 2 0
github.com/melkomukovki/go-or-die/order/internal/api/order/v1/create.go:45.2,48.8 1 0
github.com/melkomukovki/go-or-die/order/internal/api/order/v1/get.go:14.105,16.16 2 0
github.com/melkomukovki/go-or-die/order/internal/api/order/v1/get.go:16.16,17.10 1 0
github.com/melkomukovki/go-or-die/order/internal/api/order/v1/get.go:18.46,22.10 1 0
github.com/melkomukovki/go-or-die/order/internal/api/order/v1/get.go:23.11,28.10 2 0
github.com/melkomukovki/go-or-die/order/internal/api/order/v1/get.go:32.2,32.40 1 0
github.com/melkomukovki/go-or-die/order/internal/api/order/v1/pay.go:16.134,21.16 4 0
github.com/melkomukovki/go-or-die/order/internal/api/order/v1/pay.go:21.16,22.10 1 0
github.com/melkomukovki/go-or-die/order/internal/api/order/v1/pay.go:23.104,27.10 1 0
github.com/melkomukovki/go-or-die/order/internal/api/order/v1/pay.go:28.46,32.10 1 0
github.com/melkomukovki/go-or-die/order/internal/api/order/v1/pay.go:33.44,37.10 1 0
github.com/melkomukovki/go-or-die/order/internal/api/order/v1/pay.go:38.11,43.10 2 0
github.com/melkomukovki/go-or-die/order/internal/api/order/v1/pay.go:47.2,49.8 1 0
github.com/melkomukovki/go-or-die/order/internal/api/order/v1/dto/order.go:10.53,12.29 2 0
github.com/melkomukovki/go-or-die/order/internal/api/order/v1/dto/order.go:12.29,14.3 1 0
github.com/melkomukovki/go-or-die/order/internal/api/order/v1/dto/order.go:16.2,17.29 2 0
github.com/melkomukovki/go-or-die/order/internal/api/order/v1/dto/order.go:17.29,19.3 1 0
github.com/melkomukovki/go-or-die/order/internal/api/order/v1/dto/order.go:21.2,22.34 2 0
github.com/melkomukovki/go-or-die/order/internal/api/order/v1/dto/order.go:22.34,24.3 1 0
github.com/melkomukovki/go-or-die/order/internal/api/order/v1/dto/order.go:26.2,27.32 2 0
github.com/melkomukovki/go-or-die/order/internal/api/order/v1/dto/order.go:27.32,29.3 1 0
github.com/melkomukovki/go-or-die/order/internal/api/order/v1/dto/order.go:31.2,42.3 1 0
github.com/melkomukovki/go-or-die/order/internal/api/order/v1/dto/order.go:45.79,47.60 2 0
github.com/melkomukovki/go-or-die/order/internal/api/order/v1/dto/order.go:47.60,49.3 1 0
github.com/melkomukovki/go-or-die/order/internal/api/order/v1/dto/order.go:51.2,52.60 2 0
github.com/melkomukovki/go-or-die/order/internal/api/order/v1/dto/order.go:52.60,54.3 1 0
github.com/melkomukovki/go-or-die/order/internal/api/order/v1/dto/order.go:56.2,61.3 1 0
github.com/melkomukovki/go-or-die/order/internal/service/order/cancel.go:10.66,12.16 2 3
github.com/melkomukovki/go-or-die/order/internal/service/order/cancel.go:12.16,14.3 1 1
github.com/melkomukovki/go-or-die/order/internal/service/order/cancel.go:16.2,16.53 1 2
github.com/melkomukovki/go-or-die/order/internal/service/order/cancel.go:16.53,18.3 1 1
github.com/melkomukovki/go-or-die/order/internal/service/order/cancel.go:20.2,21.39 2 1
github.com/melkomukovki/go-or-die/order/internal/service/order/create.go:13.98,15.27 2 4
github.com/melkomukovki/go-or-die/order/internal/service/order/create.go:15.27,17.3 1 1
github.com/melkomukovki/go-or-die/order/internal/service/order/create.go:18.2,18.27 1 4
github.com/melkomukovki/go-or-die/order/internal/service/order/create.go:18.27,20.3 1 0
github.com/melkomukovki/go-or-die/order/internal/service/order/create.go:22.2,26.16 4 4
github.com/melkomukovki/go-or-die/order/internal/service/order/create.go:26.16,28.3 1 1
github.com/melkomukovki/go-or-die/order/internal/service/order/create.go:30.2,31.29 2 3
github.com/melkomukovki/go-or-die/order/internal/service/order/create.go:31.29,32.30 1 6
github.com/melkomukovki/go-or-die/order/internal/service/order/create.go:32.30,34.4 1 1
github.com/melkomukovki/go-or-die/order/internal/service/order/create.go:35.3,35.27 1 5
github.com/melkomukovki/go-or-die/order/internal/service/order/create.go:38.2,52.16 4 2
github.com/melkomukovki/go-or-die/order/internal/service/order/create.go:52.16,54.3 1 1
github.com/melkomukovki/go-or-die/order/internal/service/order/create.go:56.2,56.19 1 1
github.com/melkomukovki/go-or-die/order/internal/service/order/get.go:12.76,14.16 2 3
github.com/melkomukovki/go-or-die/order/internal/service/order/get.go:14.16,16.3 1 1
github.com/melkomukovki/go-or-die/order/internal/service/order/get.go:18.2,18.33 1 2
github.com/melkomukovki/go-or-die/order/internal/service/order/pay.go:11.99,13.16 2 4
github.com/melkomukovki/go-or-die/order/internal/service/order/pay.go:13.16,15.3 1 0
github.com/melkomukovki/go-or-die/order/internal/service/order/pay.go:17.2,17.53 1 4
github.com/melkomukovki/go-or-die/order/internal/service/order/pay.go:17.53,19.3 1 1
github.com/melkomukovki/go-or-die/order/internal/service/order/pay.go:21.2,25.16 4 3
github.com/melkomukovki/go-or-die/order/internal/service/order/pay.go:25.16,27.3 1 1
github.com/melkomukovki/go-or-die/order/internal/service/order/pay.go:29.2,34.16 5 2
github.com/melkomukovki/go-or-die/order/internal/service/order/pay.go:34.16,36.3 1 1
github.com/melkomukovki/go-or-die/order/internal/service/order/pay.go:38.2,38.17 1 1
github.com/melkomukovki/go-or-die/order/internal/service/order/service.go:9.115,15.2 1 14
github.com/melkomukovki/go-or-die/inventory/internal/api/inventory/v1/api.go:11.43,13.2 1 0
github.com/melkomukovki/go-or-die/inventory/internal/api/inventory/v1/get.go:16.115,19.16 3 0
github.com/melkomukovki/go-or-die/inventory/internal/api/inventory/v1/get.go:19.16,20.10 1 0
github.com/melkomukovki/go-or-die/inventory/internal/api/inventory/v1/get.go:21.44,22.105 1 0
github.com/melkomukovki/go-or-die/inventory/internal/api/inventory/v1/get.go:23.45,24.102 1 0
github.com/melkomukovki/go-or-die/inventory/internal/api/inventory/v1/get.go:25.11,27.96 2 0
github.com/melkomukovki/go-or-die/inventory/internal/api/inventory/v1/get.go:31.2,33.8 1 0
github.com/melkomukovki/go-or-die/inventory/internal/api/inventory/v1/list.go:17.121,24.16 3 0
github.com/melkomukovki/go-or-die/inventory/internal/api/inventory/v1/list.go:24.16,25.10 1 0
github.com/melkomukovki/go-or-die/inventory/internal/api/inventory/v1/list.go:26.44,27.90 1 0
github.com/melkomukovki/go-or-die/inventory/internal/api/inventory/v1/list.go:28.45,29.81 1 0
github.com/melkomukovki/go-or-die/inventory/internal/api/inventory/v1/list.go:30.11,32.96 2 0
github.com/melkomukovki/go-or-die/inventory/internal/api/inventory/v1/list.go:36.2,37.29 2 0
github.com/melkomukovki/go-or-die/inventory/internal/api/inventory/v1/list.go:37.29,39.3 1 0
github.com/melkomukovki/go-or-die/inventory/internal/api/inventory/v1/list.go:40.2,40.63 1 0
github.com/melkomukovki/go-or-die/inventory/internal/api/inventory/v1/api.go:11.43,13.2 1 0
github.com/melkomukovki/go-or-die/inventory/internal/api/inventory/v1/get.go:16.115,19.16 3 0
github.com/melkomukovki/go-or-die/inventory/internal/api/inventory/v1/get.go:19.16,20.10 1 0
github.com/melkomukovki/go-or-die/inventory/internal/api/inventory/v1/get.go:21.44,22.105 1 0
github.com/melkomukovki/go-or-die/inventory/internal/api/inventory/v1/get.go:23.45,24.102 1 0
github.com/melkomukovki/go-or-die/inventory/internal/api/inventory/v1/get.go:25.11,27.96 2 0
github.com/melkomukovki/go-or-die/inventory/internal/api/inventory/v1/get.go:31.2,33.8 1 0
github.com/melkomukovki/go-or-die/inventory/internal/api/inventory/v1/list.go:17.121,24.16 3 0
github.com/melkomukovki/go-or-die/inventory/internal/api/inventory/v1/list.go:24.16,25.10 1 0
github.com/melkomukovki/go-or-die/inventory/internal/api/inventory/v1/list.go:26.44,27.90 1 0
github.com/melkomukovki/go-or-die/inventory/internal/api/inventory/v1/list.go:28.45,29.81 1 0
github.com/melkomukovki/go-or-die/inventory/internal/api/inventory/v1/list.go:30.11,32.96 2 0
github.com/melkomukovki/go-or-die/inventory/internal/api/inventory/v1/list.go:36.2,37.29 2 0
github.com/melkomukovki/go-or-die/inventory/internal/api/inventory/v1/list.go:37.29,39.3 1 0
github.com/melkomukovki/go-or-die/inventory/internal/api/inventory/v1/list.go:40.2,40.63 1 0
github.com/melkomukovki/go-or-die/inventory/internal/service/part/get.go:12.75,14.16 2 3
github.com/melkomukovki/go-or-die/inventory/internal/service/part/get.go:14.16,16.3 1 1
github.com/melkomukovki/go-or-die/inventory/internal/service/part/get.go:17.2,17.32 1 2
github.com/melkomukovki/go-or-die/inventory/internal/service/part/list.go:12.92,13.28 1 4
github.com/melkomukovki/go-or-die/inventory/internal/service/part/list.go:13.28,14.35 1 3
github.com/melkomukovki/go-or-die/inventory/internal/service/part/list.go:14.35,15.44 1 5
github.com/melkomukovki/go-or-die/inventory/internal/service/part/list.go:15.44,17.5 1 1
github.com/melkomukovki/go-or-die/inventory/internal/service/part/list.go:20.2,20.37 1 3
github.com/melkomukovki/go-or-die/inventory/internal/service/part/service.go:7.51,11.2 1 7
github.com/melkomukovki/go-or-die/payment/internal/service/payment/pay.go:13.82,14.25 1 0
github.com/melkomukovki/go-or-die/payment/internal/service/payment/pay.go:14.25,16.3 1 0
github.com/melkomukovki/go-or-die/payment/internal/service/payment/pay.go:17.2,17.53 1 0
github.com/melkomukovki/go-or-die/payment/internal/service/payment/pay.go:17.53,19.3 1 0
github.com/melkomukovki/go-or-die/payment/internal/service/payment/pay.go:21.2,21.34 1 0
github.com/melkomukovki/go-or-die/payment/internal/service/payment/pay.go:21.34,23.3 1 0
github.com/melkomukovki/go-or-die/payment/internal/service/payment/pay.go:25.2,32.29 3 0
github.com/melkomukovki/go-or-die/payment/internal/service/payment/service.go:5.28,7.2 1 0
github.com/melkomukovki/go-or-die/payment/internal/api/payment/v1/api.go:11.49,15.2 1 3
github.com/melkomukovki/go-or-die/payment/internal/api/payment/v1/pay.go:13.114,17.16 3 3
github.com/melkomukovki/go-or-die/payment/internal/api/payment/v1/pay.go:17.16,19.3 1 1
github.com/melkomukovki/go-or-die/payment/internal/api/payment/v1/pay.go:21.2,21.75 1 2
github.com/melkomukovki/go-or-die/payment/internal/service/payment/pay.go:13.82,14.25 1 0
github.com/melkomukovki/go-or-die/payment/internal/service/payment/pay.go:14.25,16.3 1 0
github.com/melkomukovki/go-or-die/payment/internal/service/payment/pay.go:17.2,17.53 1 0
github.com/melkomukovki/go-or-die/payment/internal/service/payment/pay.go:17.53,19.3 1 0
github.com/melkomukovki/go-or-die/payment/internal/service/payment/pay.go:21.2,21.34 1 0
github.com/melkomukovki/go-or-die/payment/internal/service/payment/pay.go:21.34,23.3 1 0
github.com/melkomukovki/go-or-die/payment/internal/service/payment/pay.go:25.2,32.29 3 0
github.com/melkomukovki/go-or-die/payment/internal/service/payment/service.go:5.28,7.2 1 0
